<?xml version="1.0" encoding="UTF-8"?>
<!-- Generated by org.testng.reporters.JUnitXMLReporter -->
<testsuite ignored="0" hostname="Ritesh" failures="0" tests="2" name="Error Validation Test" time="17.949" errors="0" timestamp="2024-02-22T00:22:48 IST">
  <testcase classname="automation.tests.ErrorValidationTest" name="loginErrorValidation" time="0.433"/>
  <testcase classname="automation.tests.ErrorValidationTest" name="productErrorValidation" time="13.42"/>
</testsuite> <!-- Error Validation Test -->
