<?xml version="1.0" encoding="UTF-8"?>
<!-- Generated by org.testng.reporters.JUnitXMLReporter -->
<testsuite ignored="0" hostname="Ritesh" failures="0" tests="2" name="Error Validation Test" time="17.242" errors="0" timestamp="2024-01-07T18:40:11 IST">
  <testcase classname="automation.tests.ErrorValidationTest" name="loginErrorValidation" time="0.401"/>
  <testcase classname="automation.tests.ErrorValidationTest" name="productErrorValidation" time="13.603"/>
</testsuite> <!-- Error Validation Test -->
