<?xml version="1.0" encoding="UTF-8"?>
<!-- Generated by org.testng.reporters.JUnitXMLReporter -->
<testsuite ignored="0" hostname="Ritesh" failures="0" tests="3" name="Place Order Test" time="37.648" errors="0" timestamp="2024-02-22T00:22:30 IST">
  <testcase classname="automation.tests.SubmitOrderTest" name="submitOrder" time="14.174"/>
  <testcase classname="automation.tests.SubmitOrderTest" name="submitOrder" time="14.284"/>
  <testcase classname="automation.tests.SubmitOrderTest" name="orderHistory" time="0.543"/>
</testsuite> <!-- Place Order Test -->
