<?xml version="1.0" encoding="UTF-8"?>
<!-- Generated by org.testng.reporters.JUnitXMLReporter -->
<testsuite ignored="0" hostname="Ritesh" failures="0" tests="4" name="Place Order Test" time="37.558" errors="0" timestamp="2024-01-07T18:39:54 IST">
  <testcase classname="automation.tests.SubmitOrderTest" name="submitOrder" time="1.734">
    <skipped/>
  </testcase> <!-- submitOrder -->
  <testcase classname="automation.tests.SubmitOrderTest" name="submitOrder" time="14.139"/>
  <testcase classname="automation.tests.SubmitOrderTest" name="submitOrder" time="14.322"/>
  <testcase classname="automation.tests.SubmitOrderTest" name="orderHistory" time="0.529"/>
</testsuite> <!-- Place Order Test -->
