<?xml version="1.0" encoding="UTF-8"?>
<!-- Generated by org.testng.reporters.JUnitXMLReporter -->
<testsuite ignored="0" hostname="Ritesh" failures="0" tests="2" name="Error Validation Test" time="16.753" errors="0" timestamp="2024-01-15T14:06:11 IST">
  <testcase classname="automation.tests.ErrorValidationTest" name="loginErrorValidation" time="0.427"/>
  <testcase classname="automation.tests.ErrorValidationTest" name="productErrorValidation" time="13.423"/>
</testsuite> <!-- Error Validation Test -->
