<?xml version="1.0" encoding="UTF-8"?>
<!-- Generated by org.testng.reporters.JUnitXMLReporter -->
<testsuite ignored="0" hostname="Ritesh" failures="0" tests="3" name="Place Order Test" time="35.007" errors="0" timestamp="2024-01-15T14:05:54 IST">
  <testcase classname="automation.tests.SubmitOrderTest" name="submitOrder" time="14.314"/>
  <testcase classname="automation.tests.SubmitOrderTest" name="submitOrder" time="14.241"/>
  <testcase classname="automation.tests.SubmitOrderTest" name="orderHistory" time="0.528"/>
</testsuite> <!-- Place Order Test -->
